빌드 시작: 2016-02-12 오후 3:12:13
     1>2 노드의 "D:\projects\MFCCameraCalibration\MFCCameraCalibration\MFCCameraCalibration.vcxproj" 프로젝트(Build 대상)입니다.
     1>ClCompile:
         C:\Program Files (x86)\Microsoft Visual Studio 12.0\VC\bin\x86_amd64\CL.exe /c /ID:\opencv\build\include /Zi /nologo /W3 /WX- /sdl /Od /D WIN32 /D _WINDOWS /D _DEBUG /D _AFXDLL /Gm /EHsc /RTC1 /MDd /GS /fp:precise /Zc:wchar_t /Zc:forScope /Yu"stdafx.h" /Fp"x64\Debug\MFCCameraCalibration.pch" /Fo"x64\Debug\\" /Fd"x64\Debug\vc120.pdb" /Gd /TP /errorReport:prompt CamCalib.cpp CamOpenCV.cpp
         CamOpenCV.cpp
     1>d:\opencv\build\include\opencv2\flann\dist.h : warning C4819: 현재 코드 페이지(949)에서 표시할 수 없는 문자가 파일에 들어 있습니다. 데이터가 손실되지 않게 하려면 해당 파일을 유니코드 형식으로 저장하십시오.
         CamCalib.cpp
     1>d:\opencv\build\include\opencv2\flann\dist.h : warning C4819: 현재 코드 페이지(949)에서 표시할 수 없는 문자가 파일에 들어 있습니다. 데이터가 손실되지 않게 하려면 해당 파일을 유니코드 형식으로 저장하십시오.
         코드를 생성하고 있습니다...
       Link:
         C:\Program Files (x86)\Microsoft Visual Studio 12.0\VC\bin\x86_amd64\link.exe /ERRORREPORT:PROMPT /OUT:"D:\projects\MFCCameraCalibration\x64\Debug\MFCCameraCalibration.exe" /INCREMENTAL /NOLOGO /LIBPATH:D:\opencv\build\x64\vc12\lib opencv_calib3d2411d.lib opencv_contrib2411d.lib opencv_core2411d.lib opencv_features2d2411d.lib opencv_flann2411d.lib opencv_gpu2411d.lib opencv_highgui2411d.lib opencv_imgproc2411d.lib opencv_legacy2411d.lib opencv_ml2411d.lib opencv_nonfree2411d.lib opencv_objdetect2411d.lib opencv_ocl2411d.lib opencv_photo2411d.lib opencv_stitching2411d.lib opencv_superres2411d.lib opencv_ts2411d.lib opencv_video2411d.lib opencv_videostab2411d.lib /MANIFEST /MANIFESTUAC:"level='asInvoker' uiAccess='false'" /manifest:embed /manifestinput:"C:\Program Files (x86)\Microsoft Visual Studio 12.0\VC\Include\Manifest\dpiaware.manifest" /DEBUG /PDB:"D:\projects\MFCCameraCalibration\x64\Debug\MFCCameraCalibration.pdb" /SUBSYSTEM:WINDOWS /TLBID:1 /DYNAMICBASE /NXCOMPAT /IMPLIB:"D:\projects\MFCCameraCalibration\x64\Debug\MFCCameraCalibration.lib" /MACHINE:X64 x64\Debug\MFCCameraCalibration.res
         x64\Debug\CamCalib.obj
         x64\Debug\CamOpenCV.obj
         x64\Debug\MFCCameraCalibration.obj
         x64\Debug\MFCCameraCalibrationDlg.obj
         x64\Debug\stdafx.obj
         MFCCameraCalibration.vcxproj -> D:\projects\MFCCameraCalibration\x64\Debug\MFCCameraCalibration.exe
     1>"D:\projects\MFCCameraCalibration\MFCCameraCalibration\MFCCameraCalibration.vcxproj" 프로젝트를 빌드했습니다(Build 대상).

빌드했습니다.

경과 시간: 00:00:02.91
