Build started 2016-01-28 오후 3:25:18.
     1>Project "D:\projects\MFCObjectDetection\MFCObjectDetection\MFCObjectDetection.vcxproj" on node 2 (Build target(s)).
     1>ClCompile:
         C:\Program Files (x86)\Microsoft Visual Studio 12.0\VC\bin\x86_amd64\CL.exe /c /ID:\opencv\build\include /Zi /nologo /W3 /WX- /sdl /Od /D WIN32 /D _WINDOWS /D _DEBUG /D _UNICODE /D UNICODE /D _AFXDLL /Gm /EHsc /RTC1 /MDd /GS /fp:precise /Zc:wchar_t /Zc:forScope /Yu"stdafx.h" /Fp"x64\Debug\MFCObjectDetection.pch" /Fo"x64\Debug\\" /Fd"x64\Debug\vc120.pdb" /Gd /TP /errorReport:prompt MFCObjectDetection.cpp MFCObjectDetectionDlg.cpp
         MFCObjectDetectionDlg.cpp
     1>d:\opencv\build\include\opencv2\flann\dist.h : warning C4819: The file contains a character that cannot be represented in the current code page (949). Save the file in Unicode format to prevent data loss
         Generating Code...
         Compiling...
         MFCObjectDetection.cpp
     1>d:\opencv\build\include\opencv2\flann\dist.h : warning C4819: The file contains a character that cannot be represented in the current code page (949). Save the file in Unicode format to prevent data loss
         Generating Code...
       Link:
         C:\Program Files (x86)\Microsoft Visual Studio 12.0\VC\bin\x86_amd64\link.exe /ERRORREPORT:PROMPT /OUT:"D:\projects\MFCObjectDetection\x64\Debug\MFCObjectDetection.exe" /INCREMENTAL /NOLOGO /LIBPATH:D:\opencv\build\x64\vc12\lib opencv_calib3d2411d.lib opencv_contrib2411d.lib opencv_core2411d.lib opencv_features2d2411d.lib opencv_flann2411d.lib opencv_gpu2411d.lib opencv_highgui2411d.lib opencv_imgproc2411d.lib opencv_legacy2411d.lib opencv_ml2411d.lib opencv_nonfree2411d.lib opencv_objdetect2411d.lib opencv_ocl2411d.lib opencv_photo2411d.lib opencv_stitching2411d.lib opencv_superres2411d.lib opencv_ts2411d.lib opencv_video2411d.lib opencv_videostab2411d.lib /MANIFEST /MANIFESTUAC:"level='asInvoker' uiAccess='false'" /manifest:embed /manifestinput:"C:\Program Files (x86)\Microsoft Visual Studio 12.0\VC\Include\Manifest\dpiaware.manifest" /DEBUG /PDB:"D:\projects\MFCObjectDetection\x64\Debug\MFCObjectDetection.pdb" /SUBSYSTEM:WINDOWS /TLBID:1 /ENTRY:"wWinMainCRTStartup" /DYNAMICBASE /NXCOMPAT /IMPLIB:"D:\projects\MFCObjectDetection\x64\Debug\MFCObjectDetection.lib" /MACHINE:X64 x64\Debug\MFCObjectDetection.res
         x64\Debug\MFCObjectDetection.obj
         x64\Debug\MFCObjectDetectionDlg.obj
         x64\Debug\stdafx.obj
         MFCObjectDetection.vcxproj -> D:\projects\MFCObjectDetection\x64\Debug\MFCObjectDetection.exe
     1>Done Building Project "D:\projects\MFCObjectDetection\MFCObjectDetection\MFCObjectDetection.vcxproj" (Build target(s)).

Build succeeded.

Time Elapsed 00:00:03.15
